<?xml version="1.0" encoding="UTF-8"?>
<testng-results ignored="0" total="1" passed="1" failed="0" skipped="0">
  <reporter-output>
    <line>
      <![CDATA[createPatient]]>
    </line>
  </reporter-output>
  <suite started-at="2025-09-21T11:21:12 IST" name="Suite" finished-at="2025-09-21T11:21:12 IST" duration-ms="94">
    <groups>
    </groups>
    <test started-at="2025-09-21T11:21:12 IST" name="Test" finished-at="2025-09-21T11:21:12 IST" duration-ms="94">
      <class name="com.sakara.pharmeasy.testscript.PatientModule">
        <test-method signature="createPatient()[pri:0, instance:com.sakara.pharmeasy.testscript.PatientModule@55a147cc]" started-at="2025-09-21T11:21:12 IST" name="createPatient" finished-at="2025-09-21T11:21:12 IST" duration-ms="13" status="PASS">
          <reporter-output>
            <line>
              <![CDATA[createPatient]]>
            </line>
          </reporter-output>
        </test-method> <!-- createPatient -->
      </class> <!-- com.sakara.pharmeasy.testscript.PatientModule -->
    </test> <!-- Test -->
  </suite> <!-- Suite -->
</testng-results>
